Build started 06/08/2017 15:26:32.
     1>Project "C:\plugins\vfkaps_pi\build\vfkaps_pi.vcxproj" on node 2 (Build target(s)).
     1>ClCompile:
         C:\Program Files\Microsoft Visual Studio 12.0\VC\bin\CL.exe /c /IC:\plugins\vfkaps_pi\include /IC:\plugins\vfkaps_pi\src /I"C:\wxWidgets-3.0.2\lib\vc_dll\mswu" /I"C:\wxWidgets-3.0.2\include" /nologo /W3 /WX- /O2 /Ob2 /Oy- /D WIN32 /D _WINDOWS /D NDEBUG /D __MSVC__ /D _CRT_NONSTDC_NO_DEPRECATE /D _CRT_SECURE_NO_DEPRECATE /D WXUSINGDLL /D UNICODE /D _UNICODE /D ocpnUSE_GL /D TIXML_USE_STL /D "CMAKE_INTDIR=\"Release\"" /D vfkaps_pi_EXPORTS /D _WINDLL /D _UNICODE /D UNICODE /Gm- /EHsc /MD /GS /fp:precise /Zc:wchar_t /Zc:forScope /GR /Fo"vfkaps_pi.dir\Release\\" /Fd"vfkaps_pi.dir\Release\vc120.pdb" /Gd /TP /analyze- /errorReport:prompt C:\plugins\vfkaps_pi\src\vfkapsgui_impl.cpp
         vfkapsgui_impl.cpp
       Link:
         C:\Program Files\Microsoft Visual Studio 12.0\VC\bin\link.exe /ERRORREPORT:PROMPT /OUT:"C:\plugins\vfkaps_pi\build\Release\vfkaps_pi.dll" /INCREMENTAL:NO /NOLOGO /LIBPATH:"C:/wxWidgets-3.0.2/lib/vc_dll" /LIBPATH:"C:/wxWidgets-3.0.2/lib/vc_dll/Release" kernel32.lib user32.lib gdi32.lib winspool.lib shell32.lib ole32.lib oleaut32.lib uuid.lib comdlg32.lib advapi32.lib "C:\wxWidgets-3.0.2\lib\vc_dll\wxbase30u.lib" "C:\wxWidgets-3.0.2\lib\vc_dll\wxmsw30u_core.lib" "C:\wxWidgets-3.0.2\lib\vc_dll\wxbase30u_net.lib" "C:\wxWidgets-3.0.2\lib\vc_dll\wxbase30u_xml.lib" "C:\wxWidgets-3.0.2\lib\vc_dll\wxmsw30u_html.lib" "C:\wxWidgets-3.0.2\lib\vc_dll\wxmsw30u_adv.lib" "C:\wxWidgets-3.0.2\lib\vc_dll\wxpng.lib" "C:\wxWidgets-3.0.2\lib\vc_dll\wxtiff.lib" "C:\wxWidgets-3.0.2\lib\vc_dll\wxjpeg.lib" "C:\wxWidgets-3.0.2\lib\vc_dll\wxzlib.lib" "C:\wxWidgets-3.0.2\lib\vc_dll\wxregexu.lib" "C:\wxWidgets-3.0.2\lib\vc_dll\wxexpat.lib" winmm.lib comctl32.lib rpcrt4.lib wsock32.lib glu32.lib opengl32.lib opencpn.lib /MANIFEST /MANIFESTUAC:"level='asInvoker' uiAccess='false'" /manifest:embed /PDB:"C:/plugins/vfkaps_pi/build/Release/vfkaps_pi.pdb" /SUBSYSTEM:CONSOLE /TLBID:1 /DYNAMICBASE /NXCOMPAT /IMPLIB:"C:/plugins/vfkaps_pi/build/Release/vfkaps_pi.lib" /MACHINE:X86 /SAFESEH  /machine:X86 /DLL vfkaps_pi.dir\Release\vfkaps_pi.obj
         vfkaps_pi.dir\Release\icons.obj
         vfkaps_pi.dir\Release\vfkapsgui.obj
         vfkaps_pi.dir\Release\vfkapsgui_impl.obj
         vfkaps_pi.dir\Release\vfkapsOverlayFactory.obj
         vfkaps_pi.dir\Release\NavFunc.obj
         vfkaps_pi.dir\Release\tinyxml.obj
         vfkaps_pi.dir\Release\tinyxmlerror.obj
         vfkaps_pi.dir\Release\tinyxmlparser.obj
            Creating library C:/plugins/vfkaps_pi/build/Release/vfkaps_pi.lib and object C:/plugins/vfkaps_pi/build/Release/vfkaps_pi.exp
         vfkaps_pi.vcxproj -> C:\plugins\vfkaps_pi\build\Release\vfkaps_pi.dll
     1>Done Building Project "C:\plugins\vfkaps_pi\build\vfkaps_pi.vcxproj" (Build target(s)).

Build succeeded.

Time Elapsed 00:00:02.88
