c:\plugins\vfkaps_pi\build\vfkaps_pi.dir\release\tinyxmlparser.obj
c:\plugins\vfkaps_pi\build\vfkaps_pi.dir\release\tinyxmlerror.obj
c:\plugins\vfkaps_pi\build\vfkaps_pi.dir\release\tinyxml.obj
c:\plugins\vfkaps_pi\build\vfkaps_pi.dir\release\navfunc.obj
c:\plugins\vfkaps_pi\build\vfkaps_pi.dir\release\vfkapsoverlayfactory.obj
c:\plugins\vfkaps_pi\build\vfkaps_pi.dir\release\vfkapsgui_impl.obj
c:\plugins\vfkaps_pi\build\vfkaps_pi.dir\release\vfkapsgui.obj
c:\plugins\vfkaps_pi\build\vfkaps_pi.dir\release\icons.obj
c:\plugins\vfkaps_pi\build\vfkaps_pi.dir\release\vfkaps_pi.obj
c:\plugins\vfkaps_pi\build\cmakefiles\generate.stamp
c:\plugins\vfkaps_pi\build\release\vfkaps_pi.dll
c:\plugins\vfkaps_pi\build\release\vfkaps_pi.lib
c:\plugins\vfkaps_pi\build\release\vfkaps_pi.exp
c:\plugins\vfkaps_pi\build\vfkaps_pi.dir\release\vfkaps_pi.tlog\cl.command.1.tlog
c:\plugins\vfkaps_pi\build\vfkaps_pi.dir\release\vfkaps_pi.tlog\cl.read.1.tlog
c:\plugins\vfkaps_pi\build\vfkaps_pi.dir\release\vfkaps_pi.tlog\cl.write.1.tlog
c:\plugins\vfkaps_pi\build\vfkaps_pi.dir\release\vfkaps_pi.tlog\custombuild.command.1.tlog
c:\plugins\vfkaps_pi\build\vfkaps_pi.dir\release\vfkaps_pi.tlog\custombuild.read.1.tlog
c:\plugins\vfkaps_pi\build\vfkaps_pi.dir\release\vfkaps_pi.tlog\custombuild.write.1.tlog
c:\plugins\vfkaps_pi\build\vfkaps_pi.dir\release\vfkaps_pi.tlog\link.command.1.tlog
c:\plugins\vfkaps_pi\build\vfkaps_pi.dir\release\vfkaps_pi.tlog\link.read.1.tlog
c:\plugins\vfkaps_pi\build\vfkaps_pi.dir\release\vfkaps_pi.tlog\link.write.1.tlog
c:\plugins\vfkaps_pi\build\vfkaps_pi.dir\release\vfkaps_pi.tlog\vfkaps_pi.write.1u.tlog
